<?xml version="1.0" encoding="UTF-8"?>
<!-- Generated by org.testng.reporters.JUnitReportReporter -->
<testsuite hostname="LAPTOP-TEC1VDDC" failures="0" tests="1" name="testCases.TC_001_AddToCart" time="5.817" errors="0" timestamp="2024-08-05T14:53:16 IST" skipped="0">
  <testcase classname="testCases.TC_001_AddToCart" name="verify_productAdded" time="5.817"/>
</testsuite> <!-- testCases.TC_001_AddToCart -->
