<?xml version="1.0" encoding="UTF-8"?>
<!-- Generated by org.testng.reporters.JUnitReportReporter -->
<testsuite hostname="LAPTOP-TEC1VDDC" failures="0" tests="1" name="testCases.TC_003_AddressDets" time="0.704" errors="0" timestamp="2024-08-05T14:53:16 IST" skipped="0">
  <testcase classname="testCases.TC_003_AddressDets" name="verify" time="0.704"/>
</testsuite> <!-- testCases.TC_003_AddressDets -->
