<?xml version="1.0" encoding="UTF-8"?>
<!-- Generated by org.testng.reporters.JUnitReportReporter -->
<testsuite hostname="LAPTOP-TEC1VDDC" failures="0" tests="1" name="testCases.TC_001_AddToCart" time="0.452" errors="0" timestamp="2024-06-28T14:46:08 IST" skipped="0">
  <testcase classname="testCases.TC_001_AddToCart" name="verify_productAdded" time="0.452"/>
</testsuite> <!-- testCases.TC_001_AddToCart -->
